2025-07-13 11:59:36 - Row 2: İşlem başlatıldı → Account='pam118064', System='192.168.10.125', App='RDP', Users='S_OZCAN', Port='nan', DB='nan'
2025-07-13 11:59:36 - Row 2: Managed System tipleri: ['RDP']
2025-07-13 11:59:36 - Row 2: Managed Account uygulamaları: []
2025-07-13 11:59:37 - Row 2: IP 192.168.10.125 zaten managed system olarak mevcut. Atlandı.
2025-07-13 11:59:38 - Row 2: AD Managed Account 'pam118064' başarıyla oluşturuldu.
2025-07-13 11:59:39 - Row 2: AD hesabı 'pam118064' → IP 192.168.10.125 sistemine başarıyla linklendi.
2025-07-13 11:59:40 - Row 2: SmartRule 'THY_MA_pam118064' başarıyla oluşturuldu.
2025-07-13 11:59:40 - Row 2: Group kontrol ve atama başlatıldı. Toplam kullanıcı: 1
2025-07-13 11:59:40 - Session ID bulundu: mcnkuwgb...
2025-07-13 11:59:40 - UserGroups listesi başarıyla alındı.
2025-07-13 11:59:40 - Session ID bulundu: mcnkuwgb...
2025-07-13 11:59:40 - Session ID bulundu: mcnkuwgb...
2025-07-13 11:59:40 - Row 2: Group oluşturuldu: S_OZCAN
2025-07-13 11:59:40 - Session ID bulundu: mcnkuwgb...
2025-07-13 11:59:40 - SmartRules listesi başarıyla alındı.
2025-07-13 11:59:40 - SmartRule bulundu: THY_MA_pam118064 (ID: 10022)
2025-07-13 11:59:40 - Session ID bulundu: mcnkuwgb...
2025-07-13 11:59:40 - Row 2: SmartRule (ID: 10022) başarıyla group'a atandı.
2025-07-13 11:59:40 - Row 2: Role ve AccessPolicy başarıyla atandı.
2025-07-13 11:59:40 - Session ID bulundu: mcnkuwgb...
2025-07-13 11:59:41 - Row 2: Kullanıcı 'S_OZCAN' başarıyla oluşturuldu.
2025-07-13 11:59:41 - Session ID bulundu: mcnkuwgb...
2025-07-13 11:59:41 - Session ID bulundu: mcnkuwgb...
2025-07-13 11:59:41 - Row 2: Kullanıcı 'S_OZCAN' başarıyla gruba eklendi (GroupID: 30).
2025-07-13 11:59:41 - Row 3: İşlem başlatıldı → Account='pam118064', System='master.quasys.local', App='RDP', Users='S_OZCAN', Port='nan', DB='nan'
2025-07-13 11:59:41 - Row 3: Managed System tipleri: ['RDP']
2025-07-13 11:59:41 - Row 3: Managed Account uygulamaları: []
2025-07-13 11:59:41 - Row 3: IP 192.168.10.32 zaten managed system olarak mevcut. Atlandı.
2025-07-13 11:59:41 - Row 3: AD Managed Account 'pam118064' zaten mevcut. Atlandı.
2025-07-13 11:59:42 - Row 3: AD hesabı 'pam118064' → IP 192.168.10.32 sistemine başarıyla linklendi.
2025-07-13 11:59:42 - Row 3: SmartRule 'THY_MA_pam118064' zaten mevcut. Atlandı.
2025-07-13 11:59:42 - Row 3: Group kontrol ve atama başlatıldı. Toplam kullanıcı: 1
2025-07-13 11:59:42 - Session ID bulundu: mcnkuwgb...
2025-07-13 11:59:42 - UserGroups listesi başarıyla alındı.
2025-07-13 11:59:42 - Session ID bulundu: mcnkuwgb...
2025-07-13 11:59:42 - Session ID bulundu: mcnkuwgb...
2025-07-13 11:59:42 - SmartRules listesi başarıyla alındı.
2025-07-13 11:59:42 - SmartRule bulundu: THY_MA_pam118064 (ID: 10022)
2025-07-13 11:59:42 - Session ID bulundu: mcnkuwgb...
2025-07-13 11:59:42 - Row 3: SmartRule (ID: 10022) başarıyla group'a atandı.
2025-07-13 11:59:42 - Row 3: Role ve AccessPolicy başarıyla atandı.
2025-07-13 11:59:42 - Session ID bulundu: mcnkuwgb...
2025-07-13 11:59:42 - Session ID bulundu: mcnkuwgb...
2025-07-13 11:59:42 - Row 3: Kullanıcı 'S_OZCAN' başarıyla gruba eklendi (GroupID: 30).
2025-07-13 11:59:42 - Row 4: İşlem başlatıldı → Account='pam118064', System='192.168.10.33', App='SSH', Users='S_OZCAN', Port='nan', DB='nan'
2025-07-13 11:59:42 - Row 4: Managed System tipleri: ['SSH']
2025-07-13 11:59:42 - Row 4: Managed Account uygulamaları: []
2025-07-13 11:59:42 - Row 4: IP 192.168.10.33 zaten SSH managed system olarak mevcut. Atlandı.
2025-07-13 11:59:43 - Row 4: AD Managed Account 'pam118064' zaten mevcut. Atlandı.
2025-07-13 11:59:43 - Row 4: AD hesabı 'pam118064' → IP 192.168.10.33 sistemine başarıyla linklendi.
2025-07-13 11:59:43 - Row 4: SmartRule 'THY_MA_pam118064' zaten mevcut. Atlandı.
2025-07-13 11:59:43 - Row 4: Group kontrol ve atama başlatıldı. Toplam kullanıcı: 1
2025-07-13 11:59:43 - Session ID bulundu: mcnkuwgb...
2025-07-13 11:59:43 - UserGroups listesi başarıyla alındı.
2025-07-13 11:59:43 - Session ID bulundu: mcnkuwgb...
2025-07-13 11:59:43 - Session ID bulundu: mcnkuwgb...
2025-07-13 11:59:43 - SmartRules listesi başarıyla alındı.
2025-07-13 11:59:43 - SmartRule bulundu: THY_MA_pam118064 (ID: 10022)
2025-07-13 11:59:43 - Session ID bulundu: mcnkuwgb...
2025-07-13 11:59:43 - Row 4: SmartRule (ID: 10022) başarıyla group'a atandı.
2025-07-13 11:59:43 - Row 4: Role ve AccessPolicy başarıyla atandı.
2025-07-13 11:59:43 - Session ID bulundu: mcnkuwgb...
2025-07-13 11:59:43 - Session ID bulundu: mcnkuwgb...
2025-07-13 11:59:44 - Row 4: Kullanıcı 'S_OZCAN' başarıyla gruba eklendi (GroupID: 30).
2025-07-13 11:59:44 - Row 5: İşlem başlatıldı → Account='pam118065', System='192.168.10.34', App='WINSCP,TOAD', Users='S_OZCAN', Port='nan', DB='nan'
2025-07-13 11:59:44 - Row 5: Managed System tipleri: []
2025-07-13 11:59:44 - Row 5: Managed Account uygulamaları: ['WINSCP', 'TOAD']
2025-07-13 11:59:44 - Row 5: AD Managed Account 'pam118065' başarıyla oluşturuldu.
2025-07-13 11:59:44 - Row 5: AD hesabı 'pam118065' → IP 192.168.10.34 sistemine başarıyla linklendi.
2025-07-13 11:59:45 - Row 5: SmartRule 'THY_MA_pam118065' başarıyla oluşturuldu.
2025-07-13 11:59:45 - Row 5: ApplicationID 4, AccountID 38 hesabına başarıyla atandı.
2025-07-13 11:59:45 - Row 5: ApplicationID 5, AccountID 38 hesabına başarıyla atandı.
2025-07-13 11:59:45 - Row 5: Group kontrol ve atama başlatıldı. Toplam kullanıcı: 1
2025-07-13 11:59:45 - Session ID bulundu: mcnkuwgb...
2025-07-13 11:59:46 - UserGroups listesi başarıyla alındı.
2025-07-13 11:59:46 - Session ID bulundu: mcnkuwgb...
2025-07-13 11:59:46 - Session ID bulundu: mcnkuwgb...
2025-07-13 11:59:46 - SmartRules listesi başarıyla alındı.
2025-07-13 11:59:46 - SmartRule bulundu: THY_MA_pam118065 (ID: 10023)
2025-07-13 11:59:46 - Session ID bulundu: mcnkuwgb...
2025-07-13 11:59:46 - Row 5: SmartRule (ID: 10023) başarıyla group'a atandı.
2025-07-13 11:59:46 - Row 5: Role ve AccessPolicy başarıyla atandı.
2025-07-13 11:59:46 - Session ID bulundu: mcnkuwgb...
2025-07-13 11:59:46 - Session ID bulundu: mcnkuwgb...
2025-07-13 11:59:46 - Row 5: Kullanıcı 'S_OZCAN' başarıyla gruba eklendi (GroupID: 30).
2025-07-13 11:59:51 - Row 6: IP çözümlenemediği için işlem atlandı.
2025-07-13 11:59:51 - Row 7: İşlem başlatıldı → Account='trax_projects', System='bt.quasys.local', App='SQL DEV', Users='S_OZCAN,Y_UCUNCUOGLU', Port='1521.0', DB='teknik2'
2025-07-13 11:59:51 - Row 7: Managed System tipleri: []
2025-07-13 11:59:51 - Row 7: Managed Account uygulamaları: ['SQL DEV']
2025-07-13 11:59:52 - Row 7: Group kontrol ve atama başlatıldı. Toplam kullanıcı: 2
2025-07-13 11:59:52 - Session ID bulundu: mcnkuwgb...
2025-07-13 11:59:52 - UserGroups listesi başarıyla alındı.
2025-07-13 11:59:52 - Session ID bulundu: mcnkuwgb...
2025-07-13 11:59:52 - Session ID bulundu: mcnkuwgb...
2025-07-13 11:59:52 - SmartRules listesi başarıyla alındı.
2025-07-13 11:59:52 - SmartRule bulunamadı: THY_MA_trax_projects_192.168.10.20
2025-07-13 11:59:52 - Row 7: SmartRule bulunamadı: trax_projects
2025-07-13 11:59:52 - Session ID bulundu: mcnkuwgb...
2025-07-13 11:59:52 - Row 7: Group oluşturuldu: Y_UCUNCUOGLU
2025-07-13 11:59:52 - Session ID bulundu: mcnkuwgb...
2025-07-13 11:59:52 - SmartRules listesi başarıyla alındı.
2025-07-13 11:59:52 - SmartRule bulunamadı: THY_MA_trax_projects_192.168.10.20
2025-07-13 11:59:52 - Row 7: SmartRule bulunamadı: trax_projects
2025-07-13 11:59:52 - Row 8: İşlem başlatıldı → Account='trax_projects', System='192.168.10.37', App='DBAVER', Users='S_OZCAN,Y_UCUNCUOGLU', Port='1521.0', DB='teknik2'
2025-07-13 11:59:52 - Row 8: Managed System tipleri: []
2025-07-13 11:59:52 - Row 8: Managed Account uygulamaları: ['DBAVER']
2025-07-13 11:59:52 - Row 8: Group kontrol ve atama başlatıldı. Toplam kullanıcı: 2
2025-07-13 11:59:52 - Session ID bulundu: mcnkuwgb...
2025-07-13 11:59:53 - UserGroups listesi başarıyla alındı.
2025-07-13 11:59:53 - Session ID bulundu: mcnkuwgb...
2025-07-13 11:59:53 - Session ID bulundu: mcnkuwgb...
2025-07-13 11:59:53 - SmartRules listesi başarıyla alındı.
2025-07-13 11:59:53 - SmartRule bulunamadı: THY_MA_trax_projects_192.168.10.37
2025-07-13 11:59:53 - Row 8: SmartRule bulunamadı: trax_projects
2025-07-13 11:59:53 - Session ID bulundu: mcnkuwgb...
2025-07-13 11:59:53 - SmartRules listesi başarıyla alındı.
2025-07-13 11:59:53 - SmartRule bulunamadı: THY_MA_trax_projects_192.168.10.37
2025-07-13 11:59:53 - Row 8: SmartRule bulunamadı: trax_projects
2025-07-13 11:59:53 - Row 9: İşlem başlatıldı → Account='root', System='standby2.quasys.local', App='SSH, WINSCP', Users='A_OZKAL,S_OZCAN,Y_UCUNCUOGLU', Port='nan', DB='nan'
2025-07-13 11:59:53 - Row 9: Managed System tipleri: ['SSH']
2025-07-13 11:59:53 - Row 9: Managed Account uygulamaları: ['WINSCP']
2025-07-13 11:59:53 - Row 9: IP 192.168.10.34 zaten SSH managed system olarak mevcut. Atlandı.
2025-07-13 11:59:54 - Row 9: Local Managed Account 'root' başarıyla oluşturuldu.
2025-07-13 11:59:54 - Row 9: SmartRule 'THY_MA_root_192.168.10.34' başarıyla oluşturuldu.
2025-07-13 11:59:55 - Row 9: ApplicationID 4, AccountID 39 hesabına başarıyla atandı.
2025-07-13 11:59:55 - Row 9: Group kontrol ve atama başlatıldı. Toplam kullanıcı: 3
2025-07-13 11:59:55 - Session ID bulundu: mcnkuwgb...
2025-07-13 11:59:55 - UserGroups listesi başarıyla alındı.
2025-07-13 11:59:55 - Session ID bulundu: mcnkuwgb...
2025-07-13 11:59:55 - Session ID bulundu: mcnkuwgb...
2025-07-13 11:59:55 - Row 9: Group oluşturuldu: A_OZKAL
2025-07-13 11:59:55 - Session ID bulundu: mcnkuwgb...
2025-07-13 11:59:55 - SmartRules listesi başarıyla alındı.
2025-07-13 11:59:55 - SmartRule bulundu: THY_MA_root_192.168.10.34 (ID: 10024)
2025-07-13 11:59:55 - Session ID bulundu: mcnkuwgb...
2025-07-13 11:59:55 - Row 9: SmartRule (ID: 10024) başarıyla group'a atandı.
2025-07-13 11:59:55 - Row 9: Role ve AccessPolicy başarıyla atandı.
2025-07-13 11:59:55 - Session ID bulundu: mcnkuwgb...
2025-07-13 11:59:55 - Session ID bulundu: mcnkuwgb...
2025-07-13 11:59:55 - Session ID bulundu: mcnkuwgb...
2025-07-13 11:59:55 - Session ID bulundu: mcnkuwgb...
2025-07-13 11:59:56 - SmartRules listesi başarıyla alındı.
2025-07-13 11:59:56 - SmartRule bulundu: THY_MA_root_192.168.10.34 (ID: 10024)
2025-07-13 11:59:56 - Session ID bulundu: mcnkuwgb...
2025-07-13 11:59:56 - Row 9: SmartRule (ID: 10024) başarıyla group'a atandı.
2025-07-13 11:59:56 - Row 9: Role ve AccessPolicy başarıyla atandı.
2025-07-13 11:59:56 - Session ID bulundu: mcnkuwgb...
2025-07-13 11:59:56 - Session ID bulundu: mcnkuwgb...
2025-07-13 11:59:56 - Row 9: Kullanıcı 'S_OZCAN' başarıyla gruba eklendi (GroupID: 30).
2025-07-13 11:59:56 - Session ID bulundu: mcnkuwgb...
2025-07-13 11:59:56 - SmartRules listesi başarıyla alındı.
2025-07-13 11:59:56 - SmartRule bulundu: THY_MA_root_192.168.10.34 (ID: 10024)
2025-07-13 11:59:56 - Session ID bulundu: mcnkuwgb...
2025-07-13 11:59:56 - Row 9: SmartRule (ID: 10024) başarıyla group'a atandı.
2025-07-13 11:59:56 - Row 9: Role ve AccessPolicy başarıyla atandı.
2025-07-13 11:59:56 - Session ID bulundu: mcnkuwgb...
2025-07-13 11:59:56 - Row 9: Kullanıcı 'Y_UCUNCUOGLU' başarıyla oluşturuldu.
2025-07-13 11:59:56 - Session ID bulundu: mcnkuwgb...
2025-07-13 11:59:56 - Session ID bulundu: mcnkuwgb...
2025-07-13 11:59:57 - Row 9: Kullanıcı 'Y_UCUNCUOGLU' başarıyla gruba eklendi (GroupID: 31).
2025-07-13 11:59:57 - Row 10: İşlem başlatıldı → Account='administrator', System='sinav.quasys.local', App='RDP', Users='A_OZKAL,S_OZCAN,Y_UCUNCUOGLU', Port='nan', DB='nan'
2025-07-13 11:59:57 - Row 10: Managed System tipleri: ['RDP']
2025-07-13 11:59:57 - Row 10: Managed Account uygulamaları: []
2025-07-13 11:59:57 - Row 10: IP 192.168.10.125 zaten managed system olarak mevcut. Atlandı.
2025-07-13 11:59:57 - Row 10: Local Managed Account 'administrator' başarıyla oluşturuldu.
2025-07-13 11:59:58 - Row 10: SmartRule 'THY_MA_administrator_192.168.10.125' başarıyla oluşturuldu.
2025-07-13 11:59:58 - Row 10: Group kontrol ve atama başlatıldı. Toplam kullanıcı: 3
2025-07-13 11:59:58 - Session ID bulundu: mcnkuwgb...
2025-07-13 11:59:58 - UserGroups listesi başarıyla alındı.
2025-07-13 11:59:58 - Session ID bulundu: mcnkuwgb...
2025-07-13 11:59:58 - Session ID bulundu: mcnkuwgb...
2025-07-13 11:59:58 - SmartRules listesi başarıyla alındı.
2025-07-13 11:59:58 - SmartRule bulundu: THY_MA_administrator_192.168.10.125 (ID: 10025)
2025-07-13 11:59:58 - Session ID bulundu: mcnkuwgb...
2025-07-13 11:59:58 - Row 10: SmartRule (ID: 10025) başarıyla group'a atandı.
2025-07-13 11:59:58 - Row 10: Role ve AccessPolicy başarıyla atandı.
2025-07-13 11:59:58 - Session ID bulundu: mcnkuwgb...
2025-07-13 11:59:58 - Session ID bulundu: mcnkuwgb...
2025-07-13 11:59:58 - Session ID bulundu: mcnkuwgb...
2025-07-13 11:59:58 - Session ID bulundu: mcnkuwgb...
2025-07-13 11:59:59 - SmartRules listesi başarıyla alındı.
2025-07-13 11:59:59 - SmartRule bulundu: THY_MA_administrator_192.168.10.125 (ID: 10025)
2025-07-13 11:59:59 - Session ID bulundu: mcnkuwgb...
2025-07-13 11:59:59 - Row 10: SmartRule (ID: 10025) başarıyla group'a atandı.
2025-07-13 11:59:59 - Row 10: Role ve AccessPolicy başarıyla atandı.
2025-07-13 11:59:59 - Session ID bulundu: mcnkuwgb...
2025-07-13 11:59:59 - Session ID bulundu: mcnkuwgb...
2025-07-13 11:59:59 - Row 10: Kullanıcı 'S_OZCAN' başarıyla gruba eklendi (GroupID: 30).
2025-07-13 11:59:59 - Session ID bulundu: mcnkuwgb...
2025-07-13 11:59:59 - SmartRules listesi başarıyla alındı.
2025-07-13 11:59:59 - SmartRule bulundu: THY_MA_administrator_192.168.10.125 (ID: 10025)
2025-07-13 11:59:59 - Session ID bulundu: mcnkuwgb...
2025-07-13 11:59:59 - Row 10: SmartRule (ID: 10025) başarıyla group'a atandı.
2025-07-13 11:59:59 - Row 10: Role ve AccessPolicy başarıyla atandı.
2025-07-13 11:59:59 - Session ID bulundu: mcnkuwgb...
2025-07-13 11:59:59 - Session ID bulundu: mcnkuwgb...
2025-07-13 11:59:59 - Row 10: Kullanıcı 'Y_UCUNCUOGLU' başarıyla gruba eklendi (GroupID: 31).
