2025-07-13 11:57:24 - Row 2: İşlem başlatıldı → Account='pam118064', System='192.168.10.125', App='RDP', Users='S_OZCAN', Port='nan', DB='nan'
2025-07-13 11:57:24 - Row 2: Managed System tipleri: ['RDP']
2025-07-13 11:57:24 - Row 2: Managed Account uygulamaları: []
2025-07-13 11:57:24 - Row 2: IP 192.168.10.125 zaten managed system olarak mevcut. Atlandı.
2025-07-13 11:57:24 - Row 2: AD Managed Account 'pam118064' zaten mevcut. Atlandı.
2025-07-13 11:57:25 - Row 2: AD hesabı 'pam118064' → IP 192.168.10.125 sistemine başarıyla linklendi.
2025-07-13 11:57:25 - Row 2: SmartRule 'THY_MA_pam118064' zaten mevcut. Atlandı.
2025-07-13 11:57:25 - Row 2: Group kontrol ve atama başlatıldı. Toplam kullanıcı: 1
2025-07-13 11:57:25 - Session ID bulundu: l22chtu3...
2025-07-13 11:57:25 - UserGroups listesi başarıyla alındı.
2025-07-13 11:57:25 - Session ID bulundu: l22chtu3...
2025-07-13 11:57:25 - Session ID bulundu: l22chtu3...
2025-07-13 11:57:25 - SmartRules listesi başarıyla alındı.
2025-07-13 11:57:25 - SmartRule bulundu: THY_MA_pam118064 (ID: 10017)
2025-07-13 11:57:25 - Session ID bulundu: l22chtu3...
2025-07-13 11:57:25 - Row 2: SmartRule (ID: 10017) başarıyla group'a atandı.
2025-07-13 11:57:25 - Row 2: Role ve AccessPolicy başarıyla atandı.
2025-07-13 11:57:25 - Session ID bulundu: l22chtu3...
2025-07-13 11:57:25 - Session ID bulundu: l22chtu3...
2025-07-13 11:57:25 - Row 2: Kullanıcı 'S_OZCAN' başarıyla gruba eklendi (GroupID: 27).
2025-07-13 11:57:25 - Row 3: İşlem başlatıldı → Account='pam118064', System='master.quasys.local', App='RDP', Users='S_OZCAN', Port='nan', DB='nan'
2025-07-13 11:57:25 - Row 3: Managed System tipleri: ['RDP']
2025-07-13 11:57:25 - Row 3: Managed Account uygulamaları: []
2025-07-13 11:57:26 - Row 3: IP 192.168.10.32 zaten managed system olarak mevcut. Atlandı.
2025-07-13 11:57:26 - Row 3: AD Managed Account 'pam118064' zaten mevcut. Atlandı.
2025-07-13 11:57:26 - Row 3: AD hesabı 'pam118064' → IP 192.168.10.32 sistemine başarıyla linklendi.
2025-07-13 11:57:26 - Row 3: SmartRule 'THY_MA_pam118064' zaten mevcut. Atlandı.
2025-07-13 11:57:26 - Row 3: Group kontrol ve atama başlatıldı. Toplam kullanıcı: 1
2025-07-13 11:57:26 - Session ID bulundu: l22chtu3...
2025-07-13 11:57:26 - UserGroups listesi başarıyla alındı.
2025-07-13 11:57:26 - Session ID bulundu: l22chtu3...
2025-07-13 11:57:27 - Session ID bulundu: l22chtu3...
2025-07-13 11:57:27 - SmartRules listesi başarıyla alındı.
2025-07-13 11:57:27 - SmartRule bulundu: THY_MA_pam118064 (ID: 10017)
2025-07-13 11:57:27 - Session ID bulundu: l22chtu3...
2025-07-13 11:57:27 - Row 3: SmartRule (ID: 10017) başarıyla group'a atandı.
2025-07-13 11:57:27 - Row 3: Role ve AccessPolicy başarıyla atandı.
2025-07-13 11:57:27 - Session ID bulundu: l22chtu3...
2025-07-13 11:57:27 - Session ID bulundu: l22chtu3...
2025-07-13 11:57:27 - Row 3: Kullanıcı 'S_OZCAN' başarıyla gruba eklendi (GroupID: 27).
2025-07-13 11:57:27 - Row 4: İşlem başlatıldı → Account='pam118064', System='192.168.10.33', App='SSH', Users='S_OZCAN', Port='nan', DB='nan'
2025-07-13 11:57:27 - Row 4: Managed System tipleri: ['SSH']
2025-07-13 11:57:27 - Row 4: Managed Account uygulamaları: []
2025-07-13 11:57:27 - Row 4: IP 192.168.10.33 zaten SSH managed system olarak mevcut. Atlandı.
2025-07-13 11:57:28 - Row 4: AD Managed Account 'pam118064' zaten mevcut. Atlandı.
2025-07-13 11:57:28 - Row 4: AD hesabı 'pam118064' → IP 192.168.10.33 sistemine başarıyla linklendi.
2025-07-13 11:57:28 - Row 4: SmartRule 'THY_MA_pam118064' zaten mevcut. Atlandı.
2025-07-13 11:57:28 - Row 4: Group kontrol ve atama başlatıldı. Toplam kullanıcı: 1
2025-07-13 11:57:28 - Session ID bulundu: l22chtu3...
2025-07-13 11:57:28 - UserGroups listesi başarıyla alındı.
2025-07-13 11:57:28 - Session ID bulundu: l22chtu3...
2025-07-13 11:57:28 - Session ID bulundu: l22chtu3...
2025-07-13 11:57:28 - SmartRules listesi başarıyla alındı.
2025-07-13 11:57:28 - SmartRule bulundu: THY_MA_pam118064 (ID: 10017)
2025-07-13 11:57:28 - Session ID bulundu: l22chtu3...
2025-07-13 11:57:29 - Row 4: SmartRule (ID: 10017) başarıyla group'a atandı.
2025-07-13 11:57:29 - Row 4: Role ve AccessPolicy başarıyla atandı.
2025-07-13 11:57:29 - Session ID bulundu: l22chtu3...
2025-07-13 11:57:29 - Session ID bulundu: l22chtu3...
2025-07-13 11:57:29 - Row 4: Kullanıcı 'S_OZCAN' başarıyla gruba eklendi (GroupID: 27).
2025-07-13 11:57:29 - Row 5: İşlem başlatıldı → Account='pam118065', System='192.168.10.34', App='WINSCP,TOAD', Users='S_OZCAN', Port='nan', DB='nan'
2025-07-13 11:57:29 - Row 5: Managed System tipleri: []
2025-07-13 11:57:29 - Row 5: Managed Account uygulamaları: ['WINSCP', 'TOAD']
2025-07-13 11:57:29 - Row 5: AD Managed Account 'pam118065' zaten mevcut. Atlandı.
2025-07-13 11:57:29 - Row 5: AD hesabı 'pam118065' → IP 192.168.10.34 sistemine başarıyla linklendi.
2025-07-13 11:57:29 - Row 5: SmartRule 'THY_MA_pam118065' zaten mevcut. Atlandı.
2025-07-13 11:57:30 - Row 5: ApplicationID 4 zaten atanmış. Atlandı.
2025-07-13 11:57:30 - Row 5: ApplicationID 5 zaten atanmış. Atlandı.
2025-07-13 11:57:30 - Row 5: Group kontrol ve atama başlatıldı. Toplam kullanıcı: 1
2025-07-13 11:57:30 - Session ID bulundu: l22chtu3...
2025-07-13 11:57:30 - UserGroups listesi başarıyla alındı.
2025-07-13 11:57:30 - Session ID bulundu: l22chtu3...
2025-07-13 11:57:30 - Session ID bulundu: l22chtu3...
2025-07-13 11:57:30 - SmartRules listesi başarıyla alındı.
2025-07-13 11:57:30 - SmartRule bulundu: THY_MA_pam118065 (ID: 10018)
2025-07-13 11:57:30 - Session ID bulundu: l22chtu3...
2025-07-13 11:57:30 - Row 5: SmartRule (ID: 10018) başarıyla group'a atandı.
2025-07-13 11:57:31 - Row 5: Role ve AccessPolicy başarıyla atandı.
2025-07-13 11:57:31 - Session ID bulundu: l22chtu3...
2025-07-13 11:57:31 - Session ID bulundu: l22chtu3...
2025-07-13 11:57:31 - Row 5: Kullanıcı 'S_OZCAN' başarıyla gruba eklendi (GroupID: 27).
2025-07-13 11:57:31 - Row 6: IP çözümlenemediği için işlem atlandı.
2025-07-13 11:57:31 - Row 7: İşlem başlatıldı → Account='trax_projects', System='bt.quasys.local', App='SQL DEV', Users='S_OZCAN,Y_UCUNCUOGLU', Port='1521.0', DB='teknik2'
2025-07-13 11:57:31 - Row 7: Managed System tipleri: []
2025-07-13 11:57:31 - Row 7: Managed Account uygulamaları: ['SQL DEV']
2025-07-13 11:57:31 - Row 7: Group kontrol ve atama başlatıldı. Toplam kullanıcı: 2
2025-07-13 11:57:31 - Session ID bulundu: l22chtu3...
2025-07-13 11:57:31 - UserGroups listesi başarıyla alındı.
2025-07-13 11:57:31 - Session ID bulundu: l22chtu3...
2025-07-13 11:57:31 - Session ID bulundu: l22chtu3...
2025-07-13 11:57:32 - SmartRules listesi başarıyla alındı.
2025-07-13 11:57:32 - SmartRule bulunamadı: THY_MA_trax_projects_192.168.10.20
2025-07-13 11:57:32 - Row 7: SmartRule bulunamadı: trax_projects
2025-07-13 11:57:32 - Session ID bulundu: l22chtu3...
2025-07-13 11:57:32 - SmartRules listesi başarıyla alındı.
2025-07-13 11:57:32 - SmartRule bulunamadı: THY_MA_trax_projects_192.168.10.20
2025-07-13 11:57:32 - Row 7: SmartRule bulunamadı: trax_projects
2025-07-13 11:57:32 - Row 8: İşlem başlatıldı → Account='trax_projects', System='192.168.10.37', App='DBAVER', Users='S_OZCAN,Y_UCUNCUOGLU', Port='1521.0', DB='teknik2'
2025-07-13 11:57:32 - Row 8: Managed System tipleri: []
2025-07-13 11:57:32 - Row 8: Managed Account uygulamaları: ['DBAVER']
2025-07-13 11:57:32 - Row 8: Group kontrol ve atama başlatıldı. Toplam kullanıcı: 2
2025-07-13 11:57:32 - Session ID bulundu: l22chtu3...
2025-07-13 11:57:32 - UserGroups listesi başarıyla alındı.
2025-07-13 11:57:32 - Session ID bulundu: l22chtu3...
2025-07-13 11:57:32 - Session ID bulundu: l22chtu3...
2025-07-13 11:57:32 - SmartRules listesi başarıyla alındı.
2025-07-13 11:57:32 - SmartRule bulunamadı: THY_MA_trax_projects_192.168.10.37
2025-07-13 11:57:32 - Row 8: SmartRule bulunamadı: trax_projects
2025-07-13 11:57:32 - Session ID bulundu: l22chtu3...
2025-07-13 11:57:32 - SmartRules listesi başarıyla alındı.
2025-07-13 11:57:32 - SmartRule bulunamadı: THY_MA_trax_projects_192.168.10.37
2025-07-13 11:57:32 - Row 8: SmartRule bulunamadı: trax_projects
2025-07-13 11:57:32 - Row 9: İşlem başlatıldı → Account='root', System='standby2.quasys.local', App='SSH, WINSCP', Users='A_OZKAL,S_OZCAN,Y_UCUNCUOGLU', Port='nan', DB='nan'
2025-07-13 11:57:32 - Row 9: Managed System tipleri: ['SSH']
2025-07-13 11:57:32 - Row 9: Managed Account uygulamaları: ['WINSCP']
2025-07-13 11:57:33 - Row 9: IP 192.168.10.34 zaten SSH managed system olarak mevcut. Atlandı.
2025-07-13 11:57:33 - Row 9: Local Managed Account 'root' zaten mevcut. Atlandı.
2025-07-13 11:57:33 - Row 9: SmartRule 'THY_MA_root_192.168.10.34' zaten mevcut. Atlandı.
2025-07-13 11:57:34 - Row 9: ApplicationID 4 zaten atanmış. Atlandı.
2025-07-13 11:57:34 - Row 9: Group kontrol ve atama başlatıldı. Toplam kullanıcı: 3
2025-07-13 11:57:34 - Session ID bulundu: l22chtu3...
2025-07-13 11:57:34 - UserGroups listesi başarıyla alındı.
2025-07-13 11:57:34 - Session ID bulundu: l22chtu3...
2025-07-13 11:57:34 - Session ID bulundu: l22chtu3...
2025-07-13 11:57:34 - SmartRules listesi başarıyla alındı.
2025-07-13 11:57:34 - SmartRule bulundu: THY_MA_root_192.168.10.34 (ID: 10019)
2025-07-13 11:57:34 - Session ID bulundu: l22chtu3...
2025-07-13 11:57:34 - Row 9: SmartRule (ID: 10019) başarıyla group'a atandı.
2025-07-13 11:57:34 - Row 9: Role ve AccessPolicy başarıyla atandı.
2025-07-13 11:57:34 - Session ID bulundu: l22chtu3...
2025-07-13 11:57:34 - Session ID bulundu: l22chtu3...
2025-07-13 11:57:34 - Session ID bulundu: l22chtu3...
2025-07-13 11:57:34 - Session ID bulundu: l22chtu3...
2025-07-13 11:57:35 - SmartRules listesi başarıyla alındı.
2025-07-13 11:57:35 - SmartRule bulundu: THY_MA_root_192.168.10.34 (ID: 10019)
2025-07-13 11:57:35 - Session ID bulundu: l22chtu3...
2025-07-13 11:57:35 - Row 9: SmartRule (ID: 10019) başarıyla group'a atandı.
2025-07-13 11:57:35 - Row 9: Role ve AccessPolicy başarıyla atandı.
2025-07-13 11:57:35 - Session ID bulundu: l22chtu3...
2025-07-13 11:57:35 - Session ID bulundu: l22chtu3...
2025-07-13 11:57:35 - Row 9: Kullanıcı 'S_OZCAN' başarıyla gruba eklendi (GroupID: 27).
2025-07-13 11:57:35 - Session ID bulundu: l22chtu3...
2025-07-13 11:57:35 - SmartRules listesi başarıyla alındı.
2025-07-13 11:57:35 - SmartRule bulundu: THY_MA_root_192.168.10.34 (ID: 10019)
2025-07-13 11:57:35 - Session ID bulundu: l22chtu3...
2025-07-13 11:57:35 - Row 9: SmartRule (ID: 10019) başarıyla group'a atandı.
2025-07-13 11:57:35 - Row 9: Role ve AccessPolicy başarıyla atandı.
2025-07-13 11:57:35 - Session ID bulundu: l22chtu3...
2025-07-13 11:57:35 - Session ID bulundu: l22chtu3...
2025-07-13 11:57:35 - Row 9: Kullanıcı 'Y_UCUNCUOGLU' başarıyla gruba eklendi (GroupID: 28).
2025-07-13 11:57:35 - Row 10: İşlem başlatıldı → Account='administrator', System='sinav.quasys.local', App='RDP', Users='A_OZKAL,S_OZCAN,Y_UCUNCUOGLU', Port='nan', DB='nan'
2025-07-13 11:57:35 - Row 10: Managed System tipleri: ['RDP']
2025-07-13 11:57:35 - Row 10: Managed Account uygulamaları: []
2025-07-13 11:57:36 - Row 10: IP 192.168.10.125 zaten managed system olarak mevcut. Atlandı.
2025-07-13 11:57:36 - Row 10: Local Managed Account 'administrator' zaten mevcut. Atlandı.
2025-07-13 11:57:36 - Row 10: SmartRule 'THY_MA_administrator_192.168.10.125' zaten mevcut. Atlandı.
2025-07-13 11:57:36 - Row 10: Group kontrol ve atama başlatıldı. Toplam kullanıcı: 3
2025-07-13 11:57:36 - Session ID bulundu: l22chtu3...
2025-07-13 11:57:36 - UserGroups listesi başarıyla alındı.
2025-07-13 11:57:36 - Session ID bulundu: l22chtu3...
2025-07-13 11:57:36 - Session ID bulundu: l22chtu3...
2025-07-13 11:57:37 - SmartRules listesi başarıyla alındı.
2025-07-13 11:57:37 - SmartRule bulundu: THY_MA_administrator_192.168.10.125 (ID: 10021)
2025-07-13 11:57:37 - Session ID bulundu: l22chtu3...
2025-07-13 11:57:37 - Row 10: SmartRule (ID: 10021) başarıyla group'a atandı.
2025-07-13 11:57:37 - Row 10: Role ve AccessPolicy başarıyla atandı.
2025-07-13 11:57:37 - Session ID bulundu: l22chtu3...
2025-07-13 11:57:37 - Session ID bulundu: l22chtu3...
2025-07-13 11:57:37 - Session ID bulundu: l22chtu3...
2025-07-13 11:57:37 - Session ID bulundu: l22chtu3...
2025-07-13 11:57:37 - SmartRules listesi başarıyla alındı.
2025-07-13 11:57:37 - SmartRule bulundu: THY_MA_administrator_192.168.10.125 (ID: 10021)
2025-07-13 11:57:37 - Session ID bulundu: l22chtu3...
2025-07-13 11:57:37 - Row 10: SmartRule (ID: 10021) başarıyla group'a atandı.
2025-07-13 11:57:37 - Row 10: Role ve AccessPolicy başarıyla atandı.
2025-07-13 11:57:37 - Session ID bulundu: l22chtu3...
2025-07-13 11:57:37 - Session ID bulundu: l22chtu3...
2025-07-13 11:57:37 - Row 10: Kullanıcı 'S_OZCAN' başarıyla gruba eklendi (GroupID: 27).
2025-07-13 11:57:37 - Session ID bulundu: l22chtu3...
2025-07-13 11:57:38 - SmartRules listesi başarıyla alındı.
2025-07-13 11:57:38 - SmartRule bulundu: THY_MA_administrator_192.168.10.125 (ID: 10021)
2025-07-13 11:57:38 - Session ID bulundu: l22chtu3...
2025-07-13 11:57:38 - Row 10: SmartRule (ID: 10021) başarıyla group'a atandı.
2025-07-13 11:57:38 - Row 10: Role ve AccessPolicy başarıyla atandı.
2025-07-13 11:57:38 - Session ID bulundu: l22chtu3...
2025-07-13 11:57:38 - Session ID bulundu: l22chtu3...
2025-07-13 11:57:38 - Row 10: Kullanıcı 'Y_UCUNCUOGLU' başarıyla gruba eklendi (GroupID: 28).
